{"/workspace/exercise-unit-test-with-jest/app.js": {"path":"/workspace/exercise-unit-test-with-jest/app.js","statementMap":{"0":{"start":{"line":8,"column":24},"end":{"line":11,"column":1}},"1":{"start":{"line":9,"column":24},"end":{"line":9,"column":53}},"2":{"start":{"line":10,"column":4},"end":{"line":10,"column":22}},"3":{"start":{"line":13,"column":23},"end":{"line":16,"column":1}},"4":{"start":{"line":14,"column":25},"end":{"line":14,"column":51}},"5":{"start":{"line":15,"column":4},"end":{"line":15,"column":24}},"6":{"start":{"line":18,"column":25},"end":{"line":23,"column":1}},"7":{"start":{"line":20,"column":24},"end":{"line":20,"column":41}},"8":{"start":{"line":22,"column":4},"end":{"line":22,"column":25}},"9":{"start":{"line":26,"column":12},"end":{"line":28,"column":1}},"10":{"start":{"line":27,"column":4},"end":{"line":27,"column":16}},"11":{"start":{"line":30,"column":0},"end":{"line":30,"column":21}},"12":{"start":{"line":34,"column":0},"end":{"line":34,"column":75}}},"fnMap":{"0":{"name":"(anonymous_0)","decl":{"start":{"line":8,"column":24},"end":{"line":8,"column":25}},"loc":{"start":{"line":8,"column":47},"end":{"line":11,"column":1}},"line":8},"1":{"name":"(anonymous_1)","decl":{"start":{"line":13,"column":23},"end":{"line":13,"column":24}},"loc":{"start":{"line":13,"column":44},"end":{"line":16,"column":1}},"line":13},"2":{"name":"(anonymous_2)","decl":{"start":{"line":18,"column":25},"end":{"line":18,"column":26}},"loc":{"start":{"line":18,"column":46},"end":{"line":23,"column":1}},"line":18},"3":{"name":"(anonymous_3)","decl":{"start":{"line":26,"column":12},"end":{"line":26,"column":13}},"loc":{"start":{"line":26,"column":21},"end":{"line":28,"column":1}},"line":26}},"branchMap":{},"s":{"0":1,"1":1,"2":1,"3":1,"4":1,"5":1,"6":1,"7":2,"8":2,"9":1,"10":2,"11":1,"12":1},"f":{"0":1,"1":1,"2":2,"3":2},"b":{},"_coverageSchema":"1a1c01bbd47fc00a2c39e90264f33305004495a9","hash":"611f93420688226f968a20c1b793788f50eb9819"}
}
